\BOOKMARK [0][-]{chapter*.1}{Abstract}{}% 1
\BOOKMARK [0][-]{chapter*.2}{Estratto in lingua Italiana}{}% 2
\BOOKMARK [0][-]{chapter*.3}{Acknowledgments}{}% 3
\BOOKMARK [0][-]{chapter.1}{Introduction}{}% 4
\BOOKMARK [1][-]{section.1.1}{Background}{chapter.1}% 5
\BOOKMARK [2][-]{subsection.1.1.1}{Level Design}{section.1.1}% 6
\BOOKMARK [2][-]{subsection.1.1.2}{Procedurally Generated Content}{section.1.1}% 7
\BOOKMARK [2][-]{subsection.1.1.3}{Procedural Content Generation via Machine Learning \(PCGML\)}{section.1.1}% 8
\BOOKMARK [1][-]{section.1.2}{Scope}{chapter.1}% 9
\BOOKMARK [1][-]{section.1.3}{Related Work}{chapter.1}% 10
\BOOKMARK [2][-]{subsection.1.3.1}{PCGML in Video-Games}{section.1.3}% 11
\BOOKMARK [2][-]{subsection.1.3.2}{Video Game Level Corpus}{section.1.3}% 12
\BOOKMARK [2][-]{subsection.1.3.3}{Generative Adversarial Networks}{section.1.3}% 13
\BOOKMARK [1][-]{section.1.4}{Thesis Structure}{chapter.1}% 14
\BOOKMARK [1][-]{section.1.5}{Summary}{chapter.1}% 15
\BOOKMARK [0][-]{chapter.2}{Towards learn-based level generation}{}% 16
\BOOKMARK [1][-]{section.2.1}{Generative Adversarial Networks}{chapter.2}% 17
\BOOKMARK [2][-]{subsection.2.1.1}{Overview}{section.2.1}% 18
\BOOKMARK [2][-]{subsection.2.1.2}{Deep Convolutional GAN}{section.2.1}% 19
\BOOKMARK [2][-]{subsection.2.1.3}{Wesserstein GAN}{section.2.1}% 20
\BOOKMARK [2][-]{subsection.2.1.4}{Wesserstein GAN with Gradient Penalty}{section.2.1}% 21
\BOOKMARK [1][-]{section.2.2}{Game of choice: DOOM}{chapter.2}% 22
\BOOKMARK [2][-]{subsection.2.2.1}{Description}{section.2.2}% 23
\BOOKMARK [2][-]{subsection.2.2.2}{Motivation}{section.2.2}% 24
\BOOKMARK [1][-]{section.2.3}{General Considerations}{chapter.2}% 25
\BOOKMARK [1][-]{section.2.4}{Summary}{chapter.2}% 26
\BOOKMARK [0][-]{chapter.3}{Dataset and Data Representation}{}% 27
\BOOKMARK [1][-]{section.3.1}{Data Sources}{chapter.3}% 28
\BOOKMARK [1][-]{section.3.2}{Source Data Format: WAD Files}{chapter.3}% 29
\BOOKMARK [2][-]{subsection.3.2.1}{Overview}{section.3.2}% 30
\BOOKMARK [2][-]{subsection.3.2.2}{Doom Level Format}{section.3.2}% 31
\BOOKMARK [2][-]{subsection.3.2.3}{Conversion issues}{section.3.2}% 32
\BOOKMARK [1][-]{section.3.3}{Target Data Format: Feature Maps and Vectors}{chapter.3}% 33
\BOOKMARK [2][-]{subsection.3.3.1}{Level Description and Motivation}{section.3.3}% 34
\BOOKMARK [2][-]{subsection.3.3.2}{Feature Maps}{section.3.3}% 35
\BOOKMARK [2][-]{subsection.3.3.3}{Graph Representation}{section.3.3}% 36
\BOOKMARK [2][-]{subsection.3.3.4}{Text Representation}{section.3.3}% 37
\BOOKMARK [2][-]{subsection.3.3.5}{Scalar Features}{section.3.3}% 38
\BOOKMARK [1][-]{section.3.4}{Dataset Organization}{chapter.3}% 39
\BOOKMARK [2][-]{subsection.3.4.1}{Overview}{section.3.4}% 40
\BOOKMARK [2][-]{subsection.3.4.2}{Full Dataset and Filtered Dataset}{section.3.4}% 41
\BOOKMARK [2][-]{subsection.3.4.3}{Level Size Statistics}{section.3.4}% 42
\BOOKMARK [1][-]{section.3.5}{Summary}{chapter.3}% 43
\BOOKMARK [0][-]{chapter.4}{System Design and Overview}{}% 44
\BOOKMARK [1][-]{section.4.1}{Generative Model Structure}{chapter.4}% 45
\BOOKMARK [1][-]{section.4.2}{Use Cases}{chapter.4}% 46
\BOOKMARK [2][-]{subsection.4.2.1}{Use Case: Model Optimization \(Training\)}{section.4.2}% 47
\BOOKMARK [2][-]{subsection.4.2.2}{Use Case: Sample Evaluation}{section.4.2}% 48
\BOOKMARK [2][-]{subsection.4.2.3}{Use Case: Sampling or Generation}{section.4.2}% 49
\BOOKMARK [1][-]{section.4.3}{Data Flow}{chapter.4}% 50
\BOOKMARK [1][-]{section.4.4}{WAD Editor and Feature Extractor}{chapter.4}% 51
\BOOKMARK [2][-]{subsection.4.4.1}{Reading and Writing}{section.4.4}% 52
\BOOKMARK [2][-]{subsection.4.4.2}{Feature Extraction}{section.4.4}% 53
\BOOKMARK [1][-]{section.4.5}{Summary}{chapter.4}% 54
\BOOKMARK [0][-]{chapter.5}{Experiment Design and Results}{}% 55
\BOOKMARK [1][-]{section.5.1}{Neural Network Architecture and Training Algorithm}{chapter.5}% 56
\BOOKMARK [2][-]{subsection.5.1.1}{Network Architecture}{section.5.1}% 57
\BOOKMARK [1][-]{section.5.2}{Input selection, Metrics and Sample Method}{chapter.5}% 58
\BOOKMARK [2][-]{subsection.5.2.1}{Input data}{section.5.2}% 59
\BOOKMARK [2][-]{subsection.5.2.2}{Sample Evaluation metrics}{section.5.2}% 60
\BOOKMARK [2][-]{subsection.5.2.3}{Model Evaluation}{section.5.2}% 61
\BOOKMARK [1][-]{section.5.3}{Results}{chapter.5}% 62
\BOOKMARK [2][-]{subsection.5.3.1}{Resulting Model}{section.5.3}% 63
\BOOKMARK [1][-]{section.5.4}{Generated Samples}{chapter.5}% 64
\BOOKMARK [1][-]{section.5.5}{In-Game Demonstration}{chapter.5}% 65
\BOOKMARK [1][-]{section.5.6}{Summary}{chapter.5}% 66
\BOOKMARK [0][-]{chapter.6}{Results Evaluation and Conclusions}{}% 67
\BOOKMARK [1][-]{section.6.1}{Results Evaluation}{chapter.6}% 68
\BOOKMARK [2][-]{subsection.6.1.1}{Samples Evaluation}{section.6.1}% 69
\BOOKMARK [2][-]{subsection.6.1.2}{Loss of accuracy}{section.6.1}% 70
\BOOKMARK [1][-]{section.6.2}{Summary}{chapter.6}% 71
\BOOKMARK [0][-]{chapter.7}{Future Work}{}% 72
\BOOKMARK [1][-]{section.7.1}{Open Problems}{chapter.7}% 73
\BOOKMARK [1][-]{section.7.2}{Possible Applications and future develops}{chapter.7}% 74
\BOOKMARK [0][-]{chapter.8}{Appendix}{}% 75
\BOOKMARK [0][-]{section*.91}{Glossary}{}% 76
